# JRE version: OpenJDK Runtime Environment (8.0_152-b02) (build 1.8.0_152-release-1024-b02)
# Java VM: OpenJDK 64-Bit Server VM (25.152-b02 mixed mode windows-amd64 compressed oops)
Heap:
 PSYoungGen      total 501248K, used 86541K [0x00000000e0000000, 0x0000000100000000, 0x0000000100000000)
  eden space 477696K, 15% used [0x00000000e0000000,0x00000000e47b2698,0x00000000fd280000)
  from space 23552K, 55% used [0x00000000fe900000,0x00000000ff5d0d98,0x0000000100000000)
  to   space 23040K, 0% used [0x00000000fd280000,0x00000000fd280000,0x00000000fe900000)
 ParOldGen       total 280576K, used 85054K [0x00000000a0000000, 0x00000000b1200000, 0x00000000e0000000)
  object space 280576K, 30% used [0x00000000a0000000,0x00000000a530f920,0x00000000b1200000)
 Metaspace       used 106561K, capacity 113036K, committed 113280K, reserved 1146880K
  class space    used 13568K, capacity 14898K, committed 14976K, reserved 1048576K
GC Heap History (10 events):
Event: 553.526 GC heap before
{Heap before GC invocations=36 (full 4):
 PSYoungGen      total 485888K, used 485645K [0x00000000e0000000, 0x00000000fff00000, 0x0000000100000000)
  eden space 478208K, 99% used [0x00000000e0000000,0x00000000fd2ecba8,0x00000000fd300000)
  from space 7680K, 97% used [0x00000000fd300000,0x00000000fda56920,0x00000000fda80000)
  to   space 22528K, 0% used [0x00000000fe900000,0x00000000fe900000,0x00000000fff00000)
 ParOldGen       total 280576K, used 85014K [0x00000000a0000000, 0x00000000b1200000, 0x00000000e0000000)
  object space 280576K, 30% used [0x00000000a0000000,0x00000000a5305920,0x00000000b1200000)
 Metaspace       used 104489K, capacity 110394K, committed 110592K, reserved 1144832K
  class space    used 13343K, capacity 14535K, committed 14592K, reserved 1048576K
Event: 553.534 GC heap after
Heap after GC invocations=36 (full 4):
 PSYoungGen      total 501760K, used 11094K [0x00000000e0000000, 0x0000000100000000, 0x0000000100000000)
  eden space 479232K, 0% used [0x00000000e0000000,0x00000000e0000000,0x00000000fd400000)
  from space 22528K, 49% used [0x00000000fe900000,0x00000000ff3d5ad8,0x00000000fff00000)
  to   space 21504K, 0% used [0x00000000fd400000,0x00000000fd400000,0x00000000fe900000)
 ParOldGen       total 280576K, used 85022K [0x00000000a0000000, 0x00000000b1200000, 0x00000000e0000000)
  object space 280576K, 30% used [0x00000000a0000000,0x00000000a5307920,0x00000000b1200000)
 Metaspace       used 104489K, capacity 110394K, committed 110592K, reserved 1144832K
  class space    used 13343K, capacity 14535K, committed 14592K, reserved 1048576K
}
Event: 1113.588 GC heap before
{Heap before GC invocations=37 (full 4):
 PSYoungGen      total 501760K, used 490326K [0x00000000e0000000, 0x0000000100000000, 0x0000000100000000)
  eden space 479232K, 100% used [0x00000000e0000000,0x00000000fd400000,0x00000000fd400000)
  from space 22528K, 49% used [0x00000000fe900000,0x00000000ff3d5ad8,0x00000000fff00000)
  to   space 21504K, 0% used [0x00000000fd400000,0x00000000fd400000,0x00000000fe900000)
 ParOldGen       total 280576K, used 85022K [0x00000000a0000000, 0x00000000b1200000, 0x00000000e0000000)
  object space 280576K, 30% used [0x00000000a0000000,0x00000000a5307920,0x00000000b1200000)
 Metaspace       used 105244K, capacity 111432K, committed 111744K, reserved 1146880K
  class space    used 13399K, capacity 14654K, committed 14720K, reserved 1048576K
Event: 1113.601 GC heap after
Heap after GC invocations=37 (full 4):
 PSYoungGen      total 500736K, used 15019K [0x00000000e0000000, 0x0000000100000000, 0x0000000100000000)
  eden space 479232K, 0% used [0x00000000e0000000,0x00000000e0000000,0x00000000fd400000)
  from space 21504K, 69% used [0x00000000fd400000,0x00000000fe2aadc8,0x00000000fe900000)
  to   space 22016K, 0% used [0x00000000fea80000,0x00000000fea80000,0x0000000100000000)
 ParOldGen       total 280576K, used 85030K [0x00000000a0000000, 0x00000000b1200000, 0x00000000e0000000)
  object space 280576K, 30% used [0x00000000a0000000,0x00000000a5309920,0x00000000b1200000)
 Metaspace       used 105244K, capacity 111432K, committed 111744K, reserved 1146880K
  class space    used 13399K, capacity 14654K, committed 14720K, reserved 1048576K
}
Event: 1118.984 GC heap before
{Heap before GC invocations=38 (full 4):
 PSYoungGen      total 500736K, used 494251K [0x00000000e0000000, 0x0000000100000000, 0x0000000100000000)
  eden space 479232K, 100% used [0x00000000e0000000,0x00000000fd400000,0x00000000fd400000)
  from space 21504K, 69% used [0x00000000fd400000,0x00000000fe2aadc8,0x00000000fe900000)
  to   space 22016K, 0% used [0x00000000fea80000,0x00000000fea80000,0x0000000100000000)
 ParOldGen       total 280576K, used 85030K [0x00000000a0000000, 0x00000000b1200000, 0x00000000e0000000)
  object space 280576K, 30% used [0x00000000a0000000,0x00000000a5309920,0x00000000b1200000)
 Metaspace       used 105362K, capacity 111514K, committed 111744K, reserved 1146880K
  class space    used 13401K, capacity 14657K, committed 14720K, reserved 1048576K
Event: 1118.993 GC heap after
Heap after GC invocations=38 (full 4):
 PSYoungGen      total 500224K, used 16436K [0x00000000e0000000, 0x0000000100000000, 0x0000000100000000)
  eden space 478208K, 0% used [0x00000000e0000000,0x00000000e0000000,0x00000000fd300000)
  from space 22016K, 74% used [0x00000000fea80000,0x00000000ffa8d3d0,0x0000000100000000)
  to   space 23040K, 0% used [0x00000000fd300000,0x00000000fd300000,0x00000000fe980000)
 ParOldGen       total 280576K, used 85038K [0x00000000a0000000, 0x00000000b1200000, 0x00000000e0000000)
  object space 280576K, 30% used [0x00000000a0000000,0x00000000a530b920,0x00000000b1200000)
 Metaspace       used 105362K, capacity 111514K, committed 111744K, reserved 1146880K
  class space    used 13401K, capacity 14657K, committed 14720K, reserved 1048576K
}
Event: 1119.536 GC heap before
{Heap before GC invocations=39 (full 4):
 PSYoungGen      total 500224K, used 494594K [0x00000000e0000000, 0x0000000100000000, 0x0000000100000000)
  eden space 478208K, 99% used [0x00000000e0000000,0x00000000fd2f35c0,0x00000000fd300000)
  from space 22016K, 74% used [0x00000000fea80000,0x00000000ffa8d3d0,0x0000000100000000)
  to   space 23040K, 0% used [0x00000000fd300000,0x00000000fd300000,0x00000000fe980000)
 ParOldGen       total 280576K, used 85038K [0x00000000a0000000, 0x00000000b1200000, 0x00000000e0000000)
  object space 280576K, 30% used [0x00000000a0000000,0x00000000a530b920,0x00000000b1200000)
 Metaspace       used 105412K, capacity 111614K, committed 111744K, reserved 1146880K
  class space    used 13404K, capacity 14661K, committed 14720K, reserved 1048576K
Event: 1119.545 GC heap after
Heap after GC invocations=39 (full 4):
 PSYoungGen      total 495616K, used 17061K [0x00000000e0000000, 0x0000000100000000, 0x0000000100000000)
  eden space 478208K, 0% used [0x00000000e0000000,0x00000000e0000000,0x00000000fd300000)
  from space 17408K, 98% used [0x00000000fd300000,0x00000000fe3a97b8,0x00000000fe400000)
  to   space 23552K, 0% used [0x00000000fe900000,0x00000000fe900000,0x0000000100000000)
 ParOldGen       total 280576K, used 85046K [0x00000000a0000000, 0x00000000b1200000, 0x00000000e0000000)
  object space 280576K, 30% used [0x00000000a0000000,0x00000000a530d920,0x00000000b1200000)
 Metaspace       used 105412K, capacity 111614K, committed 111744K, reserved 1146880K
  class space    used 13404K, capacity 14661K, committed 14720K, reserved 1048576K
}
Event: 1131.613 GC heap before
{Heap before GC invocations=40 (full 4):
 PSYoungGen      total 495616K, used 494918K [0x00000000e0000000, 0x0000000100000000, 0x0000000100000000)
  eden space 478208K, 99% used [0x00000000e0000000,0x00000000fd2a80f0,0x00000000fd300000)
  from space 17408K, 98% used [0x00000000fd300000,0x00000000fe3a97b8,0x00000000fe400000)
  to   space 23552K, 0% used [0x00000000fe900000,0x00000000fe900000,0x0000000100000000)
 ParOldGen       total 280576K, used 85046K [0x00000000a0000000, 0x00000000b1200000, 0x00000000e0000000)
  object space 280576K, 30% used [0x00000000a0000000,0x00000000a530d920,0x00000000b1200000)
 Metaspace       used 106152K, capacity 112630K, committed 112896K, reserved 1146880K
  class space    used 13522K, capacity 14829K, committed 14848K, reserved 1048576K
Event: 1131.625 GC heap after
Heap after GC invocations=40 (full 4):
 PSYoungGen      total 501248K, used 13123K [0x00000000e0000000, 0x0000000100000000, 0x0000000100000000)
  eden space 477696K, 0% used [0x00000000e0000000,0x00000000e0000000,0x00000000fd280000)
  from space 23552K, 55% used [0x00000000fe900000,0x00000000ff5d0d98,0x0000000100000000)
  to   space 23040K, 0% used [0x00000000fd280000,0x00000000fd280000,0x00000000fe900000)
 ParOldGen       total 280576K, used 85054K [0x00000000a0000000, 0x00000000b1200000, 0x00000000e0000000)
  object space 280576K, 30% used [0x00000000a0000000,0x00000000a530f920,0x00000000b1200000)
 Metaspace       used 106152K, capacity 112630K, committed 112896K, reserved 1146880K
  class space    used 13522K, capacity 14829K, committed 14848K, reserved 1048576K
}

